<?xml version="1.0" encoding="UTF-8"?>
<!-- Generated by org.testng.reporters.JUnitReportReporter -->
<testsuite hostname="DESKTOP-GUS7JA0" failures="0" tests="1" name="com.softwaretestingboard.magento.Test.LogOutTest" time="24.890" errors="0" timestamp="2024-04-13T16:42:48 IST" skipped="0">
  <testcase classname="com.softwaretestingboard.magento.Test.LogOutTest" name="LogOut" time="24.890"/>
</testsuite> <!-- com.softwaretestingboard.magento.Test.LogOutTest -->
