<?xml version="1.0" encoding="UTF-8"?>
<!-- Generated by org.testng.reporters.JUnitReportReporter -->
<testsuite hostname="DESKTOP-GUS7JA0" failures="0" tests="1" name="com.softwaretestingboard.magento.Test.ProductDetailsTest" time="20.990" errors="0" timestamp="2024-04-13T17:56:53 IST" skipped="0">
  <testcase classname="com.softwaretestingboard.magento.Test.ProductDetailsTest" name="VerifyAddreviewtoProduct" time="20.990"/>
</testsuite> <!-- com.softwaretestingboard.magento.Test.ProductDetailsTest -->
