<?xml version="1.0" encoding="UTF-8"?>
<!-- Generated by org.testng.reporters.JUnitReportReporter -->
<testsuite hostname="DESKTOP-GUS7JA0" failures="0" tests="1" name="com.softwaretestingboard.magento.Test.CheckOutTest" time="56.860" errors="0" timestamp="2024-04-13T18:17:17 IST" skipped="0">
  <testcase classname="com.softwaretestingboard.magento.Test.CheckOutTest" name="VerifyLoginWhileCheckOutPeod" time="56.860"/>
</testsuite> <!-- com.softwaretestingboard.magento.Test.CheckOutTest -->
