<?xml version="1.0" encoding="UTF-8"?>
<!-- Generated by org.testng.reporters.JUnitReportReporter -->
<testsuite hostname="DESKTOP-GUS7JA0" failures="0" tests="1" name="com.softwaretestingboard.magento.Test.Products" time="20.124" errors="0" timestamp="2024-04-13T16:29:52 IST" skipped="0">
  <testcase classname="com.softwaretestingboard.magento.Test.Products" name="VerifyShowPerPage" time="20.124"/>
</testsuite> <!-- com.softwaretestingboard.magento.Test.Products -->
