<?xml version="1.0" encoding="UTF-8"?>
<!-- Generated by org.testng.reporters.JUnitReportReporter -->
<testsuite hostname="DESKTOP-GUS7JA0" failures="0" tests="1" name="com.softwaretestingboard.magento.Test.HomePageTest" time="12.049" errors="0" timestamp="2024-04-13T16:20:25 IST" skipped="0">
  <testcase classname="com.softwaretestingboard.magento.Test.HomePageTest" name="VerifyBlankSearch" time="12.049"/>
</testsuite> <!-- com.softwaretestingboard.magento.Test.HomePageTest -->
