<?xml version="1.0" encoding="UTF-8"?>
<!-- Generated by org.testng.reporters.JUnitReportReporter -->
<testsuite hostname="DESKTOP-GUS7JA0" failures="0" tests="1" name="com.softwaretestingboard.magento.Test.SignUpTest" time="19.180" errors="0" timestamp="2024-04-13T17:54:45 IST" skipped="0">
  <testcase classname="com.softwaretestingboard.magento.Test.SignUpTest" name="signUpWithRegEmail" time="19.180"/>
</testsuite> <!-- com.softwaretestingboard.magento.Test.SignUpTest -->
